<?xml version="1.0" encoding="windows-1252" standalone="no"?>
<!DOCTYPE log SYSTEM "logger.dtd">
<log>
<record>
  <date>2017-04-23T23:38:47</date>
  <millis>1492983527487</millis>
  <sequence>15</sequence>
  <logger>LottoClientApp</logger>
  <level>CONFIG</level>
  <class>lottoClient.source.commonClasses.Configuration</class>
  <method>&lt;init&gt;</method>
  <thread>18</thread>
  <message>Default configuration file found</message>
</record>
<record>
  <date>2017-04-23T23:38:47</date>
  <millis>1492983527510</millis>
  <sequence>16</sequence>
  <logger>LottoClientApp</logger>
  <level>CONFIG</level>
  <class>lottoClient.source.commonClasses.Configuration</class>
  <method>&lt;init&gt;</method>
  <thread>18</thread>
  <message>Default: Language = en</message>
</record>
<record>
  <date>2017-04-23T23:38:47</date>
  <millis>1492983527512</millis>
  <sequence>17</sequence>
  <logger>LottoClientApp</logger>
  <level>CONFIG</level>
  <class>lottoClient.source.commonClasses.Configuration</class>
  <method>&lt;init&gt;</method>
  <thread>18</thread>
  <message>Default: User = anonymous</message>
</record>
<record>
  <date>2017-04-23T23:38:47</date>
  <millis>1492983527513</millis>
  <sequence>18</sequence>
  <logger>LottoClientApp</logger>
  <level>CONFIG</level>
  <class>lottoClient.source.commonClasses.Configuration</class>
  <method>&lt;init&gt;</method>
  <thread>18</thread>
  <message>Option: Language = en</message>
</record>
<record>
  <date>2017-04-23T23:38:47</date>
  <millis>1492983527515</millis>
  <sequence>19</sequence>
  <logger>LottoClientApp</logger>
  <level>INFO</level>
  <class>lottoClient.source.commonClasses.Translator</class>
  <method>&lt;init&gt;</method>
  <thread>18</thread>
  <message>Loaded resources for en</message>
</record>
<record>
  <date>2017-04-23T23:38:47</date>
  <millis>1492983527606</millis>
  <sequence>126</sequence>
  <logger>LottoClientApp</logger>
  <level>INFO</level>
  <class>lottoClient.LottoClientApp</class>
  <method>startApp</method>
  <thread>14</thread>
  <message>Client App Start</message>
</record>
<record>
  <date>2017-04-23T23:38:49</date>
  <millis>1492983529978</millis>
  <sequence>382</sequence>
  <logger>LottoClientApp</logger>
  <level>WARNING</level>
  <class>lottoClient.source.commonClasses.Translator</class>
  <method>getString</method>
  <thread>14</thread>
  <message>Missing string: Language</message>
</record>
<record>
  <date>2017-04-23T23:38:57</date>
  <millis>1492983537718</millis>
  <sequence>1218</sequence>
  <logger>LottoClientApp</logger>
  <level>INFO</level>
  <class>lottoClient.source.commonClasses.Translator</class>
  <method>&lt;init&gt;</method>
  <thread>14</thread>
  <message>Loaded resources for de</message>
</record>
<record>
  <date>2017-04-23T23:38:57</date>
  <millis>1492983537719</millis>
  <sequence>1219</sequence>
  <logger>LottoClientApp</logger>
  <level>WARNING</level>
  <class>lottoClient.source.commonClasses.Translator</class>
  <method>getString</method>
  <thread>14</thread>
  <message>Missing string: program.menu.file</message>
</record>
<record>
  <date>2017-04-23T23:38:57</date>
  <millis>1492983537720</millis>
  <sequence>1220</sequence>
  <logger>LottoClientApp</logger>
  <level>WARNING</level>
  <class>lottoClient.source.commonClasses.Translator</class>
  <method>getString</method>
  <thread>14</thread>
  <message>Missing string: program.menu.file</message>
</record>
<record>
  <date>2017-04-23T23:38:57</date>
  <millis>1492983537720</millis>
  <sequence>1221</sequence>
  <logger>LottoClientApp</logger>
  <level>WARNING</level>
  <class>lottoClient.source.commonClasses.Translator</class>
  <method>getString</method>
  <thread>14</thread>
  <message>Missing string: program.menu.file.properties</message>
</record>
<record>
  <date>2017-04-23T23:38:57</date>
  <millis>1492983537720</millis>
  <sequence>1222</sequence>
  <logger>LottoClientApp</logger>
  <level>WARNING</level>
  <class>lottoClient.source.commonClasses.Translator</class>
  <method>getString</method>
  <thread>14</thread>
  <message>Missing string: program.menu.file.exit</message>
</record>
<record>
  <date>2017-04-23T23:38:57</date>
  <millis>1492983537721</millis>
  <sequence>1223</sequence>
  <logger>LottoClientApp</logger>
  <level>WARNING</level>
  <class>lottoClient.source.commonClasses.Translator</class>
  <method>getString</method>
  <thread>14</thread>
  <message>Missing string: program.menu.window</message>
</record>
<record>
  <date>2017-04-23T23:38:57</date>
  <millis>1492983537722</millis>
  <sequence>1224</sequence>
  <logger>LottoClientApp</logger>
  <level>WARNING</level>
  <class>lottoClient.source.commonClasses.Translator</class>
  <method>getString</method>
  <thread>14</thread>
  <message>Missing string: program.menu.window.fullScreen</message>
</record>
<record>
  <date>2017-04-23T23:38:58</date>
  <millis>1492983538167</millis>
  <sequence>1279</sequence>
  <logger>LottoClientApp</logger>
  <level>INFO</level>
  <class>lottoClient.source.commonClasses.Translator</class>
  <method>&lt;init&gt;</method>
  <thread>14</thread>
  <message>Loaded resources for en</message>
</record>
<record>
  <date>2017-04-23T23:38:59</date>
  <millis>1492983539404</millis>
  <sequence>1344</sequence>
  <logger>LottoClientApp</logger>
  <level>CONFIG</level>
  <class>lottoClient.source.commonClasses.Configuration</class>
  <method>save</method>
  <thread>14</thread>
  <message>Local configuration file saved</message>
</record>
<record>
  <date>2017-04-23T23:39:06</date>
  <millis>1492983546878</millis>
  <sequence>1686</sequence>
  <logger>LottoClientApp</logger>
  <level>WARNING</level>
  <class>lottoClient.source.commonClasses.Translator</class>
  <method>getString</method>
  <thread>14</thread>
  <message>Missing string: Language</message>
</record>
</log>
