<?xml version="1.0" encoding="windows-1252" standalone="no"?>
<!DOCTYPE log SYSTEM "logger.dtd">
<log>
<record>
  <date>2017-04-23T23:29:47</date>
  <millis>1492982987316</millis>
  <sequence>1</sequence>
  <logger>LottoClientApp</logger>
  <level>CONFIG</level>
  <class>lottoClient.source.commonClasses.Configuration</class>
  <method>&lt;init&gt;</method>
  <thread>18</thread>
  <message>Default configuration file found</message>
</record>
<record>
  <date>2017-04-23T23:29:47</date>
  <millis>1492982987339</millis>
  <sequence>16</sequence>
  <logger>LottoClientApp</logger>
  <level>CONFIG</level>
  <class>lottoClient.source.commonClasses.Configuration</class>
  <method>&lt;init&gt;</method>
  <thread>18</thread>
  <message>Default: Language = en</message>
</record>
<record>
  <date>2017-04-23T23:29:47</date>
  <millis>1492982987344</millis>
  <sequence>17</sequence>
  <logger>LottoClientApp</logger>
  <level>CONFIG</level>
  <class>lottoClient.source.commonClasses.Configuration</class>
  <method>&lt;init&gt;</method>
  <thread>18</thread>
  <message>Default: User = anonymous</message>
</record>
<record>
  <date>2017-04-23T23:29:47</date>
  <millis>1492982987345</millis>
  <sequence>18</sequence>
  <logger>LottoClientApp</logger>
  <level>CONFIG</level>
  <class>lottoClient.source.commonClasses.Configuration</class>
  <method>&lt;init&gt;</method>
  <thread>18</thread>
  <message>Option: Language = en</message>
</record>
<record>
  <date>2017-04-23T23:29:47</date>
  <millis>1492982987349</millis>
  <sequence>19</sequence>
  <logger>LottoClientApp</logger>
  <level>INFO</level>
  <class>lottoClient.source.commonClasses.Translator</class>
  <method>&lt;init&gt;</method>
  <thread>18</thread>
  <message>Loaded resources for en</message>
</record>
<record>
  <date>2017-04-23T23:29:47</date>
  <millis>1492982987446</millis>
  <sequence>126</sequence>
  <logger>LottoClientApp</logger>
  <level>INFO</level>
  <class>lottoClient.LottoClientApp</class>
  <method>startApp</method>
  <thread>14</thread>
  <message>Client App Start</message>
</record>
</log>
