<?xml version="1.0" encoding="windows-1252" standalone="no"?>
<!DOCTYPE log SYSTEM "logger.dtd">
<log>
<record>
  <date>2017-04-23T11:31:18</date>
  <millis>1492939878451</millis>
  <sequence>1</sequence>
  <logger>LottoClientApp</logger>
  <level>CONFIG</level>
  <class>lottoClient.source.commonClasses.Configuration</class>
  <method>&lt;init&gt;</method>
  <thread>18</thread>
  <message>Default configuration file found</message>
</record>
<record>
  <date>2017-04-23T11:31:18</date>
  <millis>1492939878474</millis>
  <sequence>16</sequence>
  <logger>LottoClientApp</logger>
  <level>CONFIG</level>
  <class>lottoClient.source.commonClasses.Configuration</class>
  <method>&lt;init&gt;</method>
  <thread>18</thread>
  <message>Default: Language = en</message>
</record>
<record>
  <date>2017-04-23T11:31:18</date>
  <millis>1492939878476</millis>
  <sequence>17</sequence>
  <logger>LottoClientApp</logger>
  <level>CONFIG</level>
  <class>lottoClient.source.commonClasses.Configuration</class>
  <method>&lt;init&gt;</method>
  <thread>18</thread>
  <message>Default: User = anonymous</message>
</record>
<record>
  <date>2017-04-23T11:31:18</date>
  <millis>1492939878477</millis>
  <sequence>18</sequence>
  <logger>LottoClientApp</logger>
  <level>CONFIG</level>
  <class>lottoClient.source.commonClasses.Configuration</class>
  <method>&lt;init&gt;</method>
  <thread>18</thread>
  <message>Option: Language = en</message>
</record>
<record>
  <date>2017-04-23T11:31:18</date>
  <millis>1492939878480</millis>
  <sequence>19</sequence>
  <logger>LottoClientApp</logger>
  <level>INFO</level>
  <class>lottoClient.source.commonClasses.Translator</class>
  <method>&lt;init&gt;</method>
  <thread>18</thread>
  <message>Loaded resources for en</message>
</record>
<record>
  <date>2017-04-23T11:31:18</date>
  <millis>1492939878564</millis>
  <sequence>126</sequence>
  <logger>LottoClientApp</logger>
  <level>INFO</level>
  <class>lottoClient.LottoClientApp</class>
  <method>startApp</method>
  <thread>14</thread>
  <message>Client App Start</message>
</record>
<record>
  <date>2017-04-23T11:31:28</date>
  <millis>1492939888611</millis>
  <sequence>1073</sequence>
  <logger>LottoClientApp</logger>
  <level>INFO</level>
  <class>lottoClient.source.commonClasses.Translator</class>
  <method>&lt;init&gt;</method>
  <thread>14</thread>
  <message>Loaded resources for de</message>
</record>
<record>
  <date>2017-04-23T11:31:28</date>
  <millis>1492939888612</millis>
  <sequence>1074</sequence>
  <logger>LottoClientApp</logger>
  <level>WARNING</level>
  <class>lottoClient.source.commonClasses.Translator</class>
  <method>getString</method>
  <thread>14</thread>
  <message>Missing string: programm.menu.file.properties</message>
</record>
<record>
  <date>2017-04-23T11:31:28</date>
  <millis>1492939888613</millis>
  <sequence>1075</sequence>
  <logger>LottoClientApp</logger>
  <level>WARNING</level>
  <class>lottoClient.source.commonClasses.Translator</class>
  <method>getString</method>
  <thread>14</thread>
  <message>Missing string: programm.menu.file.exit</message>
</record>
<record>
  <date>2017-04-23T11:31:28</date>
  <millis>1492939888613</millis>
  <sequence>1076</sequence>
  <logger>LottoClientApp</logger>
  <level>WARNING</level>
  <class>lottoClient.source.commonClasses.Translator</class>
  <method>getString</method>
  <thread>14</thread>
  <message>Missing string: programm.menu.window</message>
</record>
<record>
  <date>2017-04-23T11:31:28</date>
  <millis>1492939888613</millis>
  <sequence>1077</sequence>
  <logger>LottoClientApp</logger>
  <level>WARNING</level>
  <class>lottoClient.source.commonClasses.Translator</class>
  <method>getString</method>
  <thread>14</thread>
  <message>Missing string: programm.menu.window.fullScreen</message>
</record>
<record>
  <date>2017-04-23T11:31:29</date>
  <millis>1492939889522</millis>
  <sequence>1135</sequence>
  <logger>LottoClientApp</logger>
  <level>INFO</level>
  <class>lottoClient.source.commonClasses.Translator</class>
  <method>&lt;init&gt;</method>
  <thread>14</thread>
  <message>Loaded resources for en</message>
</record>
<record>
  <date>2017-04-23T11:31:30</date>
  <millis>1492939890350</millis>
  <sequence>1199</sequence>
  <logger>LottoClientApp</logger>
  <level>CONFIG</level>
  <class>lottoClient.source.commonClasses.Configuration</class>
  <method>save</method>
  <thread>14</thread>
  <message>Local configuration file saved</message>
</record>
<record>
  <date>2017-04-23T11:31:31</date>
  <millis>1492939891907</millis>
  <sequence>1381</sequence>
  <logger>LottoClientApp</logger>
  <level>CONFIG</level>
  <class>lottoClient.source.commonClasses.Configuration</class>
  <method>save</method>
  <thread>14</thread>
  <message>Local configuration file saved</message>
</record>
</log>
