<?xml version="1.0" encoding="windows-1252" standalone="no"?>
<!DOCTYPE log SYSTEM "logger.dtd">
<log>
<record>
  <date>2017-04-11T19:28:18</date>
  <millis>1491931698852</millis>
  <sequence>1</sequence>
  <logger>LottoClientApp</logger>
  <level>CONFIG</level>
  <class>lottoClient.source.commonClasses.Configuration</class>
  <method>&lt;init&gt;</method>
  <thread>17</thread>
  <message>Default configuration file found</message>
</record>
<record>
  <date>2017-04-11T19:28:18</date>
  <millis>1491931698967</millis>
  <sequence>17</sequence>
  <logger>LottoClientApp</logger>
  <level>CONFIG</level>
  <class>lottoClient.source.commonClasses.Configuration</class>
  <method>&lt;init&gt;</method>
  <thread>17</thread>
  <message>Default: Language = en</message>
</record>
<record>
  <date>2017-04-11T19:28:18</date>
  <millis>1491931698971</millis>
  <sequence>18</sequence>
  <logger>LottoClientApp</logger>
  <level>CONFIG</level>
  <class>lottoClient.source.commonClasses.Configuration</class>
  <method>&lt;init&gt;</method>
  <thread>17</thread>
  <message>Default: User = anonymous</message>
</record>
<record>
  <date>2017-04-11T19:28:18</date>
  <millis>1491931698975</millis>
  <sequence>19</sequence>
  <logger>LottoClientApp</logger>
  <level>CONFIG</level>
  <class>lottoClient.source.commonClasses.Configuration</class>
  <method>&lt;init&gt;</method>
  <thread>17</thread>
  <message>Option: Language = de</message>
</record>
</log>
