<?xml version="1.0" encoding="windows-1252" standalone="no"?>
<!DOCTYPE log SYSTEM "logger.dtd">
<log>
<record>
  <date>2017-04-11T19:24:06</date>
  <millis>1491931446502</millis>
  <sequence>1</sequence>
  <logger>LottoClientApp</logger>
  <level>CONFIG</level>
  <class>lottoClient.source.commonClasses.Configuration</class>
  <method>&lt;init&gt;</method>
  <thread>17</thread>
  <message>Default configuration file found</message>
</record>
<record>
  <date>2017-04-11T19:24:06</date>
  <millis>1491931446609</millis>
  <sequence>18</sequence>
  <logger>LottoClientApp</logger>
  <level>CONFIG</level>
  <class>lottoClient.source.commonClasses.Configuration</class>
  <method>&lt;init&gt;</method>
  <thread>17</thread>
  <message>Default: Language = en</message>
</record>
<record>
  <date>2017-04-11T19:24:06</date>
  <millis>1491931446614</millis>
  <sequence>19</sequence>
  <logger>LottoClientApp</logger>
  <level>CONFIG</level>
  <class>lottoClient.source.commonClasses.Configuration</class>
  <method>&lt;init&gt;</method>
  <thread>17</thread>
  <message>Default: User = anonymous</message>
</record>
<record>
  <date>2017-04-11T19:24:06</date>
  <millis>1491931446622</millis>
  <sequence>20</sequence>
  <logger>LottoClientApp</logger>
  <level>CONFIG</level>
  <class>lottoClient.source.commonClasses.Configuration</class>
  <method>&lt;init&gt;</method>
  <thread>17</thread>
  <message>Option: Language = de</message>
</record>
<record>
  <date>2017-04-11T19:24:06</date>
  <millis>1491931446631</millis>
  <sequence>21</sequence>
  <logger>LottoClientApp</logger>
  <level>INFO</level>
  <class>lottoClient.source.commonClasses.Translator</class>
  <method>&lt;init&gt;</method>
  <thread>17</thread>
  <message>Loaded resources for de</message>
</record>
<record>
  <date>2017-04-11T19:24:06</date>
  <millis>1491931446897</millis>
  <sequence>71</sequence>
  <logger>LottoClientApp</logger>
  <level>INFO</level>
  <class>lottoClient.LottoClientApp</class>
  <method>startApp</method>
  <thread>13</thread>
  <message>Client App Start</message>
</record>
<record>
  <date>2017-04-11T19:24:09</date>
  <millis>1491931449230</millis>
  <sequence>132</sequence>
  <logger>LottoClientApp</logger>
  <level>INFO</level>
  <class>lottoClient.source.commonClasses.Translator</class>
  <method>&lt;init&gt;</method>
  <thread>13</thread>
  <message>Loaded resources for de</message>
</record>
<record>
  <date>2017-04-11T19:24:09</date>
  <millis>1491931449963</millis>
  <sequence>167</sequence>
  <logger>LottoClientApp</logger>
  <level>CONFIG</level>
  <class>lottoClient.source.commonClasses.Configuration</class>
  <method>save</method>
  <thread>13</thread>
  <message>Local configuration file saved</message>
</record>
</log>
