<?xml version="1.0" encoding="windows-1252" standalone="no"?>
<!DOCTYPE log SYSTEM "logger.dtd">
<log>
<record>
  <date>2017-04-23T23:40:32</date>
  <millis>1492983632864</millis>
  <sequence>16</sequence>
  <logger>LottoClientApp</logger>
  <level>CONFIG</level>
  <class>lottoClient.source.commonClasses.Configuration</class>
  <method>&lt;init&gt;</method>
  <thread>18</thread>
  <message>Default configuration file found</message>
</record>
<record>
  <date>2017-04-23T23:40:32</date>
  <millis>1492983632889</millis>
  <sequence>17</sequence>
  <logger>LottoClientApp</logger>
  <level>CONFIG</level>
  <class>lottoClient.source.commonClasses.Configuration</class>
  <method>&lt;init&gt;</method>
  <thread>18</thread>
  <message>Default: Language = en</message>
</record>
<record>
  <date>2017-04-23T23:40:32</date>
  <millis>1492983632891</millis>
  <sequence>18</sequence>
  <logger>LottoClientApp</logger>
  <level>CONFIG</level>
  <class>lottoClient.source.commonClasses.Configuration</class>
  <method>&lt;init&gt;</method>
  <thread>18</thread>
  <message>Default: User = anonymous</message>
</record>
<record>
  <date>2017-04-23T23:40:32</date>
  <millis>1492983632892</millis>
  <sequence>19</sequence>
  <logger>LottoClientApp</logger>
  <level>CONFIG</level>
  <class>lottoClient.source.commonClasses.Configuration</class>
  <method>&lt;init&gt;</method>
  <thread>18</thread>
  <message>Option: Language = en</message>
</record>
<record>
  <date>2017-04-23T23:40:32</date>
  <millis>1492983632894</millis>
  <sequence>20</sequence>
  <logger>LottoClientApp</logger>
  <level>INFO</level>
  <class>lottoClient.source.commonClasses.Translator</class>
  <method>&lt;init&gt;</method>
  <thread>18</thread>
  <message>Loaded resources for en</message>
</record>
<record>
  <date>2017-04-23T23:40:32</date>
  <millis>1492983632988</millis>
  <sequence>127</sequence>
  <logger>LottoClientApp</logger>
  <level>INFO</level>
  <class>lottoClient.LottoClientApp</class>
  <method>startApp</method>
  <thread>14</thread>
  <message>Client App Start</message>
</record>
<record>
  <date>2017-04-23T23:40:34</date>
  <millis>1492983634766</millis>
  <sequence>335</sequence>
  <logger>LottoClientApp</logger>
  <level>WARNING</level>
  <class>lottoClient.source.commonClasses.Translator</class>
  <method>getString</method>
  <thread>14</thread>
  <message>Missing string: program.properties.lLanguage </message>
</record>
<record>
  <date>2017-04-23T23:40:43</date>
  <millis>1492983643997</millis>
  <sequence>832</sequence>
  <logger>LottoClientApp</logger>
  <level>INFO</level>
  <class>lottoClient.source.commonClasses.Translator</class>
  <method>&lt;init&gt;</method>
  <thread>14</thread>
  <message>Loaded resources for en</message>
</record>
<record>
  <date>2017-04-23T23:40:44</date>
  <millis>1492983644828</millis>
  <sequence>872</sequence>
  <logger>LottoClientApp</logger>
  <level>CONFIG</level>
  <class>lottoClient.source.commonClasses.Configuration</class>
  <method>save</method>
  <thread>14</thread>
  <message>Local configuration file saved</message>
</record>
<record>
  <date>2017-04-23T23:41:07</date>
  <millis>1492983667383</millis>
  <sequence>1691</sequence>
  <logger>LottoClientApp</logger>
  <level>WARNING</level>
  <class>lottoClient.source.commonClasses.Translator</class>
  <method>getString</method>
  <thread>14</thread>
  <message>Missing string: program.properties.lLanguage </message>
</record>
</log>
